<?xml version="1.0" encoding="UTF-8"?>
<!-- Generated by org.testng.reporters.JUnitReportReporter -->
<testsuite hostname="HIBACL44126" name="CodingPractice.CrossBrowsertestingMethods" tests="2" failures="0" timestamp="29 Nov 2019 12:37:46 GMT" time="53.297" errors="0">
  <testcase name="InitiliazeBrowsers" time="21.407" classname="CodingPractice.CrossBrowsertestingMethods"/>
  <testcase name="InitiliazeBrowsers" time="31.890" classname="CodingPractice.CrossBrowsertestingMethods"/>
</testsuite> <!-- CodingPractice.CrossBrowsertestingMethods -->
