<?xml version="1.0" encoding="UTF-8"?>
<!-- Generated by org.testng.reporters.JUnitReportReporter -->
<testsuite hostname="HIBACL44126" name="Academy.TestngParametrization" tests="3" failures="0" timestamp="14 Aug 2019 14:57:23 GMT" time="0.015" errors="0">
  <testcase name="Login" time="0.000" classname="Academy.TestngParametrization"/>
  <testcase name="Login" time="0.015" classname="Academy.TestngParametrization"/>
  <testcase name="LoginWithUrl" time="0.000" classname="Academy.TestngParametrization"/>
</testsuite> <!-- Academy.TestngParametrization -->
