<?xml version="1.0" encoding="UTF-8"?>
<!-- Generated by org.testng.reporters.JUnitReportReporter -->
<testsuite hostname="HIBACL44126" name="Academy.DataProviderDemo" tests="2" failures="0" timestamp="12 Oct 2019 13:39:43 GMT" time="45.899" errors="0">
  <testcase name="login" time="18.562" classname="Academy.DataProviderDemo"/>
  <testcase name="login" time="27.337" classname="Academy.DataProviderDemo"/>
</testsuite> <!-- Academy.DataProviderDemo -->
