<?xml version="1.0" encoding="UTF-8"?>
<!-- Generated by org.testng.reporters.JUnitReportReporter -->
<testsuite hostname="HIBACL44126" name="Academy.ExcelUtility" tests="1" failures="0" timestamp="22 Aug 2019 15:56:23 GMT" time="0.802" errors="0">
  <testcase name="getData" time="0.802" classname="Academy.ExcelUtility"/>
</testsuite> <!-- Academy.ExcelUtility -->
