<?xml version="1.0" encoding="UTF-8"?>
<!-- Generated by org.testng.reporters.JUnitReportReporter -->
<testsuite hostname="HIBACL44126" name="Academy.dataProviderwithExcelInput" tests="3" failures="0" timestamp="26 Feb 2020 13:15:15 GMT" time="47.957" errors="0">
  <testcase name="login" time="15.927" classname="Academy.dataProviderwithExcelInput"/>
  <testcase name="login" time="16.805" classname="Academy.dataProviderwithExcelInput"/>
  <testcase name="login" time="15.225" classname="Academy.dataProviderwithExcelInput"/>
</testsuite> <!-- Academy.dataProviderwithExcelInput -->
