<?xml version="1.0" encoding="UTF-8"?>
<!-- Generated by org.testng.reporters.JUnitReportReporter -->
<testsuite hostname="HIBACL44126" name="JavaPrograms.DemoAgain" tests="1" failures="0" timestamp="9 Apr 2020 08:47:08 GMT" time="0.022" errors="0">
  <testcase name="getFinal" time="0.022" classname="JavaPrograms.DemoAgain"/>
</testsuite> <!-- JavaPrograms.DemoAgain -->
