<?xml version="1.0" encoding="UTF-8"?>
<!-- Generated by org.testng.reporters.JUnitReportReporter -->
<testsuite hostname="HIBACL44126" name="SeleniumCodingPractice.ReadExcel" tests="3" failures="0" timestamp="8 Jan 2020 11:10:17 GMT" time="71.142" errors="0">
  <testcase name="login" time="27.648" classname="SeleniumCodingPractice.ReadExcel"/>
  <testcase name="login" time="21.884" classname="SeleniumCodingPractice.ReadExcel"/>
  <testcase name="login" time="21.610" classname="SeleniumCodingPractice.ReadExcel"/>
</testsuite> <!-- SeleniumCodingPractice.ReadExcel -->
