<?xml version="1.0" encoding="UTF-8"?>
<!-- Generated by org.testng.reporters.JUnitReportReporter -->
<testsuite hostname="HIBACL44126" name="SeleniumCodingPractice.staringBrowser" tests="1" failures="0" timestamp="3 Jan 2020 14:29:35 GMT" time="14.368" errors="0">
  <testcase name="launchingBrowser" time="14.368" classname="SeleniumCodingPractice.staringBrowser"/>
</testsuite> <!-- SeleniumCodingPractice.staringBrowser -->
