<?xml version="1.0" encoding="UTF-8"?>
<!-- Generated by org.testng.reporters.JUnitReportReporter -->
<testsuite hostname="HIBACL44126" name="JavaPrograms.FactorialRecursive" tests="1" failures="0" timestamp="9 Apr 2020 14:42:27 GMT" time="0.013" errors="0">
  <testcase name="factorialNo" time="0.013" classname="JavaPrograms.FactorialRecursive"/>
</testsuite> <!-- JavaPrograms.FactorialRecursive -->
