<?xml version="1.0" encoding="UTF-8"?>
<!-- Generated by org.testng.reporters.JUnitReportReporter -->
<testsuite hostname="HIBACL44126" name="Academy.PageObjectModelDemoPF" tests="1" failures="0" timestamp="28 Aug 2019 12:56:44 GMT" time="46.048" errors="0">
  <testcase name="login" time="46.048" classname="Academy.PageObjectModelDemoPF"/>
</testsuite> <!-- Academy.PageObjectModelDemoPF -->
