<?xml version="1.0" encoding="UTF-8"?>
<!-- Generated by org.testng.reporters.JUnitReportReporter -->
<testsuite hostname="HIBACL44126" name="Academy.groupsDemo" tests="3" failures="0" timestamp="11 Oct 2019 10:34:33 GMT" time="0.021" errors="0">
  <testcase name="demo3" time="0.003" classname="Academy.groupsDemo"/>
  <testcase name="demo1" time="0.015" classname="Academy.groupsDemo"/>
  <testcase name="demo2" time="0.003" classname="Academy.groupsDemo"/>
</testsuite> <!-- Academy.groupsDemo -->
