<?xml version="1.0" encoding="UTF-8"?>
<!-- Generated by org.testng.reporters.JUnitReportReporter -->
<testsuite hostname="HIBACL44126" name="Academy.HomePage" tests="2" failures="0" timestamp="3 May 2019 09:17:46 GMT" time="31.151" errors="0">
  <testcase name="basePageNavigation" time="11.158" classname="Academy.HomePage"/>
  <testcase name="basePageNavigation" time="19.993" classname="Academy.HomePage"/>
</testsuite> <!-- Academy.HomePage -->
