<?xml version="1.0" encoding="UTF-8"?>
<!-- Generated by org.testng.reporters.JUnitReportReporter -->
<testsuite hostname="HIBACL44126" name="Academy.ValidateTitle" tests="1" failures="0" timestamp="25 Sep 2019 14:37:41 GMT" time="0.120" errors="0">
  <testcase name="titleValidation" time="0.120" classname="Academy.ValidateTitle"/>
</testsuite> <!-- Academy.ValidateTitle -->
