<?xml version="1.0" encoding="UTF-8"?>
<!-- Generated by org.testng.reporters.JUnitReportReporter -->
<testsuite hostname="HIBACL44126" name="JavaPrograms.DemoAgain" tests="1" failures="0" timestamp="17 Jan 2020 10:01:54 GMT" time="0.025" errors="0">
  <testcase name="getFinal" time="0.025" classname="JavaPrograms.DemoAgain"/>
</testsuite> <!-- JavaPrograms.DemoAgain -->
