<?xml version="1.0" encoding="UTF-8"?>
<!-- Generated by org.testng.reporters.JUnitReportReporter -->
<testsuite hostname="HIBACL44126" name="Academy.PageObjectModelDemo" tests="1" failures="0" timestamp="27 Aug 2019 15:03:30 GMT" time="13.136" errors="0">
  <testcase name="login" time="13.136" classname="Academy.PageObjectModelDemo"/>
</testsuite> <!-- Academy.PageObjectModelDemo -->
