<?xml version="1.0" encoding="UTF-8"?>
<!-- Generated by org.testng.reporters.JUnitReportReporter -->
<testsuite hostname="HIBACL44126" name="Apptio.Espn" tests="1" failures="0" timestamp="26 Mar 2020 09:04:33 GMT" time="78.625" errors="0">
  <testcase name="execution" time="78.625" classname="Apptio.Espn"/>
</testsuite> <!-- Apptio.Espn -->
