<?xml version="1.0" encoding="UTF-8"?>
<!-- Generated by org.testng.reporters.JUnitReportReporter -->
<testsuite hostname="HIBACL44126" name="CodingPractice.Sample" tests="1" failures="0" timestamp="29 Nov 2019 12:36:09 GMT" time="0.018" errors="0">
  <testcase name="sample1" time="0.018" classname="CodingPractice.Sample"/>
</testsuite> <!-- CodingPractice.Sample -->
