<?xml version="1.0" encoding="UTF-8"?>
<!-- Generated by org.testng.reporters.JUnitReportReporter -->
<testsuite hostname="HIBACL44126" name="Academy.ValidateTitle" tests="1" failures="0" timestamp="16 Apr 2019 09:37:17 GMT" time="0.105" errors="0">
  <testcase name="titleValidation" time="0.105" classname="Academy.ValidateTitle"/>
</testsuite> <!-- Academy.ValidateTitle -->
