<?xml version="1.0" encoding="UTF-8"?>
<!-- Generated by org.testng.reporters.JUnitReportReporter -->
<testsuite hostname="HIBACL44126" name="Academy.HomePage" tests="2" failures="0" timestamp="16 Apr 2019 09:37:17 GMT" time="56.824" errors="0">
  <testcase name="basePageNavigation" time="36.781" classname="Academy.HomePage"/>
  <testcase name="basePageNavigation" time="20.043" classname="Academy.HomePage"/>
</testsuite> <!-- Academy.HomePage -->
