<?xml version="1.0" encoding="UTF-8"?>
<!-- Generated by org.testng.reporters.JUnitReportReporter -->
<testsuite hostname="HIBACL44126" name="Academy.ValidateNavigationBar" tests="1" failures="0" timestamp="16 Apr 2019 09:37:17 GMT" time="0.103" errors="0">
  <testcase name="NavigationValidation" time="0.103" classname="Academy.ValidateNavigationBar"/>
</testsuite> <!-- Academy.ValidateNavigationBar -->
